d:\dx11-maze\terminal-maze\x64\debug\dx11_maze.pch
d:\dx11-maze\terminal-maze\x64\debug\vc143.pdb
d:\dx11-maze\terminal-maze\x64\debug\vc143.idb
d:\dx11-maze\terminal-maze\x64\debug\core.obj
d:\dx11-maze\terminal-maze\x64\debug\gametimer.obj
d:\dx11-maze\terminal-maze\x64\debug\main.obj
d:\dx11-maze\terminal-maze\x64\debug\d3dclass.obj
d:\dx11-maze\terminal-maze\x64\debug\graphicalclass.obj
d:\dx11-maze\terminal-maze\x64\debug\maze.obj
d:\dx11-maze\terminal-maze\x64\debug\mazegenerator.obj
d:\dx11-maze\terminal-maze\x64\debug\stdafx.obj
d:\dx11-maze\x64\debug\dx11_maze.exe
d:\dx11-maze\terminal-maze\x64\debug\dx11_maze.ilk
d:\dx11-maze\x64\debug\dx11_maze.pdb
d:\dx11-maze\terminal-maze\x64\debug\dx11_maze.tlog\cl.command.1.tlog
d:\dx11-maze\terminal-maze\x64\debug\dx11_maze.tlog\cl.read.1.tlog
d:\dx11-maze\terminal-maze\x64\debug\dx11_maze.tlog\cl.write.1.tlog
d:\dx11-maze\terminal-maze\x64\debug\dx11_maze.tlog\link.command.1.tlog
d:\dx11-maze\terminal-maze\x64\debug\dx11_maze.tlog\link.read.1.tlog
d:\dx11-maze\terminal-maze\x64\debug\dx11_maze.tlog\link.write.1.tlog
