d:\terminal-maze\terminal-maze\debug\terminal-maze.pch
d:\terminal-maze\terminal-maze\debug\vc143.pdb
d:\terminal-maze\terminal-maze\debug\vc143.idb
d:\terminal-maze\terminal-maze\debug\core.obj
d:\terminal-maze\terminal-maze\debug\main.obj
d:\terminal-maze\terminal-maze\debug\d3dclass.obj
d:\terminal-maze\terminal-maze\debug\graphicalclass.obj
d:\terminal-maze\terminal-maze\debug\maze.obj
d:\terminal-maze\terminal-maze\debug\mazegenerator.obj
d:\terminal-maze\terminal-maze\debug\stdafx.obj
d:\terminal-maze\debug\terminal-maze.pdb
d:\terminal-maze\terminal-maze\debug\terminal-maze.tlog\cl.command.1.tlog
d:\terminal-maze\terminal-maze\debug\terminal-maze.tlog\cl.read.1.tlog
d:\terminal-maze\terminal-maze\debug\terminal-maze.tlog\cl.write.1.tlog
d:\terminal-maze\terminal-maze\debug\terminal-maze.tlog\link-cvtres.read.1.tlog
d:\terminal-maze\terminal-maze\debug\terminal-maze.tlog\link-cvtres.write.1.tlog
d:\terminal-maze\terminal-maze\debug\terminal-maze.tlog\link-rc.read.1.tlog
d:\terminal-maze\terminal-maze\debug\terminal-maze.tlog\link-rc.write.1.tlog
d:\terminal-maze\terminal-maze\debug\terminal-maze.tlog\link.command.1.tlog
d:\terminal-maze\terminal-maze\debug\terminal-maze.tlog\link.read.1.tlog
d:\terminal-maze\terminal-maze\debug\terminal-maze.tlog\link.write.1.tlog
